<?xml version="1.0" encoding="UTF-8"?>
<!-- Generated by org.testng.reporters.JUnitReportReporter -->
<testsuite hostname="LAPTOP-57CST924" failures="0" tests="1" name="my_runner_package.Runner_class" time="47.720" errors="0" timestamp="20 Dec 2022 17:47:52 GMT" skipped="0">
  <testcase classname="my_runner_package.Runner_class" name="runScenario" time="47.720"/>
</testsuite> <!-- my_runner_package.Runner_class -->
